Arguments: 
  /opt/homebrew/Cellar/node/21.5.0/bin/node /opt/homebrew/bin/yarn init

PATH: 
  /Users/starj/.docker/bin:/Users/starj/Documents/CLI/google-cloud-sdk/bin:/Users/starj/.movement/bin:/Users/starj/.local/share/solana/install/active_release/bin:/Users/starj/.local/share/solana/install/active_release/bin:/opt/homebrew/bin:/opt/homebrew/sbin:/usr/local/bin:/usr/bin:/bin:/usr/sbin:/sbin:/Users/starj/.cargo/bin:/Users/starj/.foundry/bin

Yarn version: 
  1.22.18

Node version: 
  21.5.0

Platform: 
  darwin arm64

Trace: 
  Error: canceled
      at Interface.<anonymous> (/opt/homebrew/lib/node_modules/yarn/lib/cli.js:137143:13)
      at Interface.emit (node:events:519:28)
      at [_ttyWrite] [as _ttyWrite] (node:internal/readline/interface:1125:18)
      at ReadStream.onkeypress (node:internal/readline/interface:264:20)
      at ReadStream.emit (node:events:519:28)
      at emitKeys (node:internal/readline/utils:371:14)
      at emitKeys.next (<anonymous>)
      at ReadStream.onData (node:internal/readline/emitKeypressEvents:64:36)
      at ReadStream.emit (node:events:519:28)
      at addChunk (node:internal/streams/readable:559:12)

npm manifest: 
  No manifest

yarn manifest: 
  No manifest

Lockfile: 
  No lockfile
